2025-01-15 15:23:11 - Starting UserservicemonitorApplication using Java 18.0.2.1 with PID 9744 (C:\CodeBase\self-\code-self-study\servicemonitor\target\classes started by kumar.arvind in C:\CodeBase\self-\code-self-study\servicemonitor)
2025-01-15 15:23:11 - No active profile set, falling back to 1 default profile: "default"
2025-01-15 15:23:12 - Bootstrapping Spring Data JPA repositories in DEFAULT mode.
2025-01-15 15:23:12 - Finished Spring Data repository scanning in 51 ms. Found 1 JPA repository interface.
2025-01-15 15:23:13 - Tomcat initialized with port 8989 (http)
2025-01-15 15:23:13 - Starting service [Tomcat]
2025-01-15 15:23:13 - Starting Servlet engine: [Apache Tomcat/10.1.34]
2025-01-15 15:23:13 - Initializing Spring embedded WebApplicationContext
2025-01-15 15:23:13 - Root WebApplicationContext: initialization completed in 1378 ms
2025-01-15 15:23:13 - HikariPool-1 - Starting...
2025-01-15 15:23:13 - HikariPool-1 - Added connection conn0: url=jdbc:h2:mem:testdb user=SA
2025-01-15 15:23:13 - HikariPool-1 - Start completed.
2025-01-15 15:23:13 - HHH000204: Processing PersistenceUnitInfo [name: default]
2025-01-15 15:23:13 - HHH000412: Hibernate ORM core version 6.6.4.Final
2025-01-15 15:23:13 - HHH000026: Second-level cache disabled
2025-01-15 15:23:14 - No LoadTimeWeaver setup: ignoring JPA class transformer
2025-01-15 15:23:14 - HHH90000025: H2Dialect does not need to be specified explicitly using 'hibernate.dialect' (remove the property setting and it will be selected by default)
2025-01-15 15:23:14 - HHH10001005: Database info:
	Database JDBC URL [Connecting through datasource 'HikariDataSource (HikariPool-1)']
	Database driver: undefined/unknown
	Database version: 2.3.232
	Autocommit mode: undefined/unknown
	Isolation level: undefined/unknown
	Minimum pool size: undefined/unknown
	Maximum pool size: undefined/unknown
2025-01-15 15:23:14 - HHH000489: No JTA platform available (set 'hibernate.transaction.jta.platform' to enable JTA platform integration)
2025-01-15 15:23:15 - Initialized JPA EntityManagerFactory for persistence unit 'default'
2025-01-15 15:23:15 - spring.jpa.open-in-view is enabled by default. Therefore, database queries may be performed during view rendering. Explicitly configure spring.jpa.open-in-view to disable this warning
2025-01-15 15:23:15 - 7 mappings in 'requestMappingHandlerMapping'
2025-01-15 15:23:15 - Patterns [/webjars/**, /**] in 'resourceHandlerMapping'
2025-01-15 15:23:15 - ControllerAdvice beans: 0 @ModelAttribute, 0 @InitBinder, 1 RequestBodyAdvice, 1 ResponseBodyAdvice
2025-01-15 15:23:15 - ControllerAdvice beans: 0 @ExceptionHandler, 1 ResponseBodyAdvice
2025-01-15 15:23:15 - H2 console available at '/h2-console'. Database available at 'jdbc:h2:mem:testdb'
2025-01-15 15:23:15 - Tomcat started on port 8989 (http) with context path '/'
2025-01-15 15:23:15 - Started UserservicemonitorApplication in 4.501 seconds (process running for 4.969)
2025-01-15 22:40:23 - Commencing graceful shutdown. Waiting for active requests to complete
2025-01-15 22:40:24 - Graceful shutdown complete
2025-01-15 22:40:24 - Closing JPA EntityManagerFactory for persistence unit 'default'
